2018-11-05T02:14:54.795-0600 I CONTROL  [main] ***** SERVER RESTARTED *****
2018-11-05T02:14:55.141-0600 I CONTROL  [main] Trying to install Windows service 'MongoDB'
2018-11-05T02:14:55.142-0600 I CONTROL  [main] Error connecting to the Service Control Manager: Access is denied. (5)
2018-11-05T02:15:23.608-0600 I CONTROL  [main] ***** SERVER RESTARTED *****
2018-11-05T02:15:23.855-0600 I CONTROL  [main] Trying to install Windows service 'MongoDB'
2018-11-05T02:15:23.855-0600 I CONTROL  [main] Error connecting to the Service Control Manager: Access is denied. (5)
2018-11-05T02:15:49.745-0600 I CONTROL  [main] ***** SERVER RESTARTED *****
2018-11-05T02:15:49.998-0600 I CONTROL  [initandlisten] MongoDB starting : pid=13936 port=27017 dbpath=C:\Users\Bradley\Desktop\WebApps\adspace\mongo_database 64-bit host=DESKTOP-PJVBU9U
2018-11-05T02:15:49.998-0600 I CONTROL  [initandlisten] targetMinOS: Windows 7/Windows Server 2008 R2
2018-11-05T02:15:49.998-0600 I CONTROL  [initandlisten] db version v4.0.3
2018-11-05T02:15:49.998-0600 I CONTROL  [initandlisten] git version: 7ea530946fa7880364d88c8d8b6026bbc9ffa48c
2018-11-05T02:15:49.998-0600 I CONTROL  [initandlisten] allocator: tcmalloc
2018-11-05T02:15:49.998-0600 I CONTROL  [initandlisten] modules: none
2018-11-05T02:15:49.998-0600 I CONTROL  [initandlisten] build environment:
2018-11-05T02:15:49.998-0600 I CONTROL  [initandlisten]     distmod: 2008plus-ssl
2018-11-05T02:15:49.998-0600 I CONTROL  [initandlisten]     distarch: x86_64
2018-11-05T02:15:49.998-0600 I CONTROL  [initandlisten]     target_arch: x86_64
2018-11-05T02:15:49.998-0600 I CONTROL  [initandlisten] options: { storage: { dbPath: "C:\Users\Bradley\Desktop\WebApps\adspace\mongo_database" }, systemLog: { destination: "file", logAppend: true, path: "C:\Users\Bradley\Desktop\WebApps\adspace\mongo_log\mongo.log" } }
2018-11-05T02:15:50.003-0600 I STORAGE  [initandlisten] wiredtiger_open config: create,cache_size=15846M,session_max=20000,eviction=(threads_min=4,threads_max=4),config_base=false,statistics=(fast),log=(enabled=true,archive=true,path=journal,compressor=snappy),file_manager=(close_idle_time=100000),statistics_log=(wait=0),verbose=(recovery_progress),
2018-11-05T02:15:50.037-0600 I STORAGE  [initandlisten] WiredTiger message [1541405750:36930][13936:140730594901072], txn-recover: Set global recovery timestamp: 0
2018-11-05T02:15:50.044-0600 I RECOVERY [initandlisten] WiredTiger recoveryTimestamp. Ts: Timestamp(0, 0)
2018-11-05T02:15:50.060-0600 I CONTROL  [initandlisten] 
2018-11-05T02:15:50.060-0600 I CONTROL  [initandlisten] ** WARNING: Access control is not enabled for the database.
2018-11-05T02:15:50.060-0600 I CONTROL  [initandlisten] **          Read and write access to data and configuration is unrestricted.
2018-11-05T02:15:50.060-0600 I CONTROL  [initandlisten] 
2018-11-05T02:15:50.060-0600 I CONTROL  [initandlisten] ** WARNING: This server is bound to localhost.
2018-11-05T02:15:50.060-0600 I CONTROL  [initandlisten] **          Remote systems will be unable to connect to this server. 
2018-11-05T02:15:50.060-0600 I CONTROL  [initandlisten] **          Start the server with --bind_ip <address> to specify which IP 
2018-11-05T02:15:50.060-0600 I CONTROL  [initandlisten] **          addresses it should serve responses from, or with --bind_ip_all to
2018-11-05T02:15:50.060-0600 I CONTROL  [initandlisten] **          bind to all interfaces. If this behavior is desired, start the
2018-11-05T02:15:50.060-0600 I CONTROL  [initandlisten] **          server with --bind_ip 127.0.0.1 to disable this warning.
2018-11-05T02:15:50.060-0600 I CONTROL  [initandlisten] 
2018-11-05T02:15:50.064-0600 I STORAGE  [initandlisten] createCollection: admin.system.version with provided UUID: d30a5072-2f40-4079-b27e-8846b14bc1ff
2018-11-05T02:15:50.079-0600 I COMMAND  [initandlisten] setting featureCompatibilityVersion to 4.0
2018-11-05T02:15:50.087-0600 I STORAGE  [initandlisten] createCollection: local.startup_log with generated UUID: d8ac9125-7a2a-4c6a-b38f-8f5285d8f4df
2018-11-05T02:15:50.436-0600 I FTDC     [initandlisten] Initializing full-time diagnostic data capture with directory 'C:/Users/Bradley/Desktop/WebApps/adspace/mongo_database/diagnostic.data'
2018-11-05T02:15:50.439-0600 I STORAGE  [LogicalSessionCacheRefresh] createCollection: config.system.sessions with generated UUID: e3fdd4d9-b0ca-43a1-9484-5571e5012edc
2018-11-05T02:15:50.439-0600 I NETWORK  [initandlisten] waiting for connections on port 27017
2018-11-05T02:15:50.455-0600 I INDEX    [LogicalSessionCacheRefresh] build index on: config.system.sessions properties: { v: 2, key: { lastUse: 1 }, name: "lsidTTLIndex", ns: "config.system.sessions", expireAfterSeconds: 1800 }
2018-11-05T02:15:50.455-0600 I INDEX    [LogicalSessionCacheRefresh] 	 building index using bulk method; build may temporarily use up to 500 megabytes of RAM
2018-11-05T02:15:50.457-0600 I INDEX    [LogicalSessionCacheRefresh] build index done.  scanned 0 total records. 0 secs
2018-11-05T02:16:21.447-0600 I CONTROL  [thread1] Ctrl-C signal
2018-11-05T02:16:21.447-0600 I CONTROL  [consoleTerminate] got CTRL_C_EVENT, will terminate after current cmd ends
2018-11-05T02:16:21.447-0600 I NETWORK  [consoleTerminate] shutdown: going to close listening sockets...
2018-11-05T02:16:21.450-0600 I CONTROL  [consoleTerminate] Shutting down free monitoring
2018-11-05T02:16:21.451-0600 I FTDC     [consoleTerminate] Shutting down full-time diagnostic data capture
2018-11-05T02:16:21.471-0600 I STORAGE  [consoleTerminate] WiredTigerKVEngine shutting down
2018-11-05T02:16:21.599-0600 I STORAGE  [consoleTerminate] shutdown: removing fs lock...
2018-11-05T02:16:21.599-0600 I CONTROL  [consoleTerminate] now exiting
2018-11-05T02:16:21.599-0600 I CONTROL  [consoleTerminate] shutting down with code:12
2018-11-05T02:16:27.969-0600 I CONTROL  [main] ***** SERVER RESTARTED *****
2018-11-05T02:16:28.216-0600 I CONTROL  [initandlisten] MongoDB starting : pid=36264 port=27017 dbpath=C:\Users\Bradley\Desktop\WebApps\adspace\mongo_database 64-bit host=DESKTOP-PJVBU9U
2018-11-05T02:16:28.216-0600 I CONTROL  [initandlisten] targetMinOS: Windows 7/Windows Server 2008 R2
2018-11-05T02:16:28.216-0600 I CONTROL  [initandlisten] db version v4.0.3
2018-11-05T02:16:28.216-0600 I CONTROL  [initandlisten] git version: 7ea530946fa7880364d88c8d8b6026bbc9ffa48c
2018-11-05T02:16:28.216-0600 I CONTROL  [initandlisten] allocator: tcmalloc
2018-11-05T02:16:28.216-0600 I CONTROL  [initandlisten] modules: none
2018-11-05T02:16:28.216-0600 I CONTROL  [initandlisten] build environment:
2018-11-05T02:16:28.216-0600 I CONTROL  [initandlisten]     distmod: 2008plus-ssl
2018-11-05T02:16:28.216-0600 I CONTROL  [initandlisten]     distarch: x86_64
2018-11-05T02:16:28.216-0600 I CONTROL  [initandlisten]     target_arch: x86_64
2018-11-05T02:16:28.216-0600 I CONTROL  [initandlisten] options: { storage: { dbPath: "C:\Users\Bradley\Desktop\WebApps\adspace\mongo_database" }, systemLog: { destination: "file", logAppend: true, path: "C:\Users\Bradley\Desktop\WebApps\adspace\mongo_log\mongo.log" } }
2018-11-05T02:16:28.217-0600 I STORAGE  [initandlisten] Detected data files in C:\Users\Bradley\Desktop\WebApps\adspace\mongo_database created by the 'wiredTiger' storage engine, so setting the active storage engine to 'wiredTiger'.
2018-11-05T02:16:28.217-0600 I STORAGE  [initandlisten] wiredtiger_open config: create,cache_size=15846M,session_max=20000,eviction=(threads_min=4,threads_max=4),config_base=false,statistics=(fast),log=(enabled=true,archive=true,path=journal,compressor=snappy),file_manager=(close_idle_time=100000),statistics_log=(wait=0),verbose=(recovery_progress),
2018-11-05T02:16:28.333-0600 I STORAGE  [initandlisten] WiredTiger message [1541405788:332966][36264:140730594901072], txn-recover: Main recovery loop: starting at 1/21888
2018-11-05T02:16:28.423-0600 I STORAGE  [initandlisten] WiredTiger message [1541405788:422717][36264:140730594901072], txn-recover: Recovering log 1 through 2
2018-11-05T02:16:28.483-0600 I STORAGE  [initandlisten] WiredTiger message [1541405788:482538][36264:140730594901072], txn-recover: Recovering log 2 through 2
2018-11-05T02:16:28.529-0600 I STORAGE  [initandlisten] WiredTiger message [1541405788:529438][36264:140730594901072], txn-recover: Set global recovery timestamp: 0
2018-11-05T02:16:28.542-0600 I RECOVERY [initandlisten] WiredTiger recoveryTimestamp. Ts: Timestamp(0, 0)
2018-11-05T02:16:28.552-0600 I CONTROL  [initandlisten] 
2018-11-05T02:16:28.552-0600 I CONTROL  [initandlisten] ** WARNING: Access control is not enabled for the database.
2018-11-05T02:16:28.552-0600 I CONTROL  [initandlisten] **          Read and write access to data and configuration is unrestricted.
2018-11-05T02:16:28.552-0600 I CONTROL  [initandlisten] 
2018-11-05T02:16:28.552-0600 I CONTROL  [initandlisten] ** WARNING: This server is bound to localhost.
2018-11-05T02:16:28.552-0600 I CONTROL  [initandlisten] **          Remote systems will be unable to connect to this server. 
2018-11-05T02:16:28.552-0600 I CONTROL  [initandlisten] **          Start the server with --bind_ip <address> to specify which IP 
2018-11-05T02:16:28.552-0600 I CONTROL  [initandlisten] **          addresses it should serve responses from, or with --bind_ip_all to
2018-11-05T02:16:28.552-0600 I CONTROL  [initandlisten] **          bind to all interfaces. If this behavior is desired, start the
2018-11-05T02:16:28.552-0600 I CONTROL  [initandlisten] **          server with --bind_ip 127.0.0.1 to disable this warning.
2018-11-05T02:16:28.552-0600 I CONTROL  [initandlisten] 
2018-11-05T02:16:28.679-0600 I FTDC     [initandlisten] Initializing full-time diagnostic data capture with directory 'C:/Users/Bradley/Desktop/WebApps/adspace/mongo_database/diagnostic.data'
2018-11-05T02:16:28.681-0600 I NETWORK  [initandlisten] waiting for connections on port 27017
2018-11-05T02:16:34.367-0600 I CONTROL  [thread1] Ctrl-C signal
2018-11-05T02:16:34.367-0600 I CONTROL  [consoleTerminate] got CTRL_C_EVENT, will terminate after current cmd ends
2018-11-05T02:16:34.367-0600 I NETWORK  [consoleTerminate] shutdown: going to close listening sockets...
2018-11-05T02:16:34.369-0600 I CONTROL  [consoleTerminate] Shutting down free monitoring
2018-11-05T02:16:34.369-0600 I FTDC     [consoleTerminate] Shutting down full-time diagnostic data capture
2018-11-05T02:16:34.388-0600 I STORAGE  [consoleTerminate] WiredTigerKVEngine shutting down
2018-11-05T02:16:34.598-0600 I STORAGE  [consoleTerminate] shutdown: removing fs lock...
2018-11-05T02:16:34.598-0600 I CONTROL  [consoleTerminate] now exiting
2018-11-05T02:16:34.598-0600 I CONTROL  [consoleTerminate] shutting down with code:12
2018-11-05T02:16:37.737-0600 I CONTROL  [main] ***** SERVER RESTARTED *****
2018-11-05T02:16:37.989-0600 I CONTROL  [main] Trying to install Windows service 'MongoDB'
2018-11-05T02:16:37.990-0600 I CONTROL  [main] Error connecting to the Service Control Manager: Access is denied. (5)
2018-11-05T02:20:34.056-0600 I CONTROL  [main] ***** SERVER RESTARTED *****
2018-11-05T02:20:34.297-0600 I CONTROL  [main] Trying to install Windows service 'MongoDB'
2018-11-05T02:20:34.297-0600 I CONTROL  [main] There is already a service named 'MongoDB', sleeping and retrying
